<?xml version="1.0" encoding="UTF-8"?>
<!-- Generated by org.testng.reporters.JUnitReportReporter -->
<testsuite skipped="0" hostname="AFSWWNOXQGWU2X" name="com.edbootcamp.dao.UserDAOImplTest" tests="5" failures="0" timestamp="10 Dec 2021 21:42:02 GMT" time="0.227" errors="0">
  <testcase name="deleteUserNotExist" time="0.005" classname="com.edbootcamp.dao.UserDAOImplTest"/>
  <testcase name="saveUser" time="0.003" classname="com.edbootcamp.dao.UserDAOImplTest"/>
  <testcase name="findAllUsers" time="0.004" classname="com.edbootcamp.dao.UserDAOImplTest"/>
  <testcase name="deleteUser" time="0.213" classname="com.edbootcamp.dao.UserDAOImplTest"/>
  <testcase name="saveExistingUsers" time="0.002" classname="com.edbootcamp.dao.UserDAOImplTest"/>
</testsuite> <!-- com.edbootcamp.dao.UserDAOImplTest -->
